{"/home/yuyugnat/Documents/GitHub/quality-code-course/src/app.ts": {"path":"/home/yuyugnat/Documents/GitHub/quality-code-course/src/app.ts","statementMap":{"0":{"start":{"line":1,"column":0},"end":{"line":1,"column":30}},"1":{"start":{"line":2,"column":0},"end":{"line":2,"column":70}},"2":{"start":{"line":3,"column":0},"end":{"line":3,"column":53}},"3":{"start":{"line":4,"column":0},"end":{"line":4,"column":67}},"4":{"start":{"line":5,"column":0},"end":{"line":5,"column":74}},"5":{"start":{"line":6,"column":0},"end":{"line":6,"column":57}},"6":{"start":{"line":7,"column":0},"end":{"line":7,"column":71}},"7":{"start":{"line":9,"column":12},"end":{"line":9,"column":21}},"8":{"start":{"line":22,"column":9},"end":{"line":22,"column":12}},"9":{"start":{"line":10,"column":0},"end":{"line":10,"column":24}},"10":{"start":{"line":12,"column":17},"end":{"line":12,"column":39}},"11":{"start":{"line":13,"column":19},"end":{"line":13,"column":43}},"12":{"start":{"line":14,"column":20},"end":{"line":14,"column":57}},"13":{"start":{"line":15,"column":23},"end":{"line":15,"column":54}},"14":{"start":{"line":16,"column":0},"end":{"line":16,"column":35}},"15":{"start":{"line":18,"column":22},"end":{"line":18,"column":61}},"16":{"start":{"line":19,"column":25},"end":{"line":19,"column":60}},"17":{"start":{"line":20,"column":0},"end":{"line":20,"column":37}}},"fnMap":{},"branchMap":{},"s":{"0":1,"1":1,"2":1,"3":1,"4":1,"5":1,"6":1,"7":1,"8":1,"9":1,"10":1,"11":1,"12":1,"13":1,"14":1,"15":1,"16":1,"17":1},"f":{},"b":{}}
,"/home/yuyugnat/Documents/GitHub/quality-code-course/src/adapters/driven/inMemoryCircleRepo.ts": {"path":"/home/yuyugnat/Documents/GitHub/quality-code-course/src/adapters/driven/inMemoryCircleRepo.ts","statementMap":{"0":{"start":{"line":3,"column":0},"end":{"line":3,"column":36}},"1":{"start":{"line":9,"column":8},"end":{"line":9,"column":31}},"2":{"start":{"line":13,"column":8},"end":{"line":13,"column":51}},"3":{"start":{"line":13,"column":38},"end":{"line":13,"column":49}},"4":{"start":{"line":17,"column":26},"end":{"line":17,"column":53}},"5":{"start":{"line":18,"column":8},"end":{"line":20,"column":9}},"6":{"start":{"line":19,"column":12},"end":{"line":19,"column":35}},"7":{"start":{"line":21,"column":8},"end":{"line":21,"column":37}},"8":{"start":{"line":22,"column":8},"end":{"line":22,"column":25}},"9":{"start":{"line":26,"column":22},"end":{"line":26,"column":69}},"10":{"start":{"line":26,"column":50},"end":{"line":26,"column":68}},"11":{"start":{"line":27,"column":8},"end":{"line":29,"column":9}},"12":{"start":{"line":28,"column":12},"end":{"line":28,"column":41}},"13":{"start":{"line":33,"column":8},"end":{"line":33,"column":99}},"14":{"start":{"line":33,"column":45},"end":{"line":33,"column":97}},"15":{"start":{"line":33,"column":76},"end":{"line":33,"column":96}},"16":{"start":{"line":5,"column":0},"end":{"line":5,"column":13}}},"fnMap":{"0":{"name":"(anonymous_0)","decl":{"start":{"line":8,"column":4},"end":{"line":8,"column":16}},"loc":{"start":{"line":8,"column":38},"end":{"line":10,"column":5}}},"1":{"name":"(anonymous_1)","decl":{"start":{"line":12,"column":4},"end":{"line":12,"column":9}},"loc":{"start":{"line":12,"column":29},"end":{"line":14,"column":5}}},"2":{"name":"(anonymous_2)","decl":{"start":{"line":13,"column":33},"end":{"line":13,"column":34}},"loc":{"start":{"line":13,"column":38},"end":{"line":13,"column":49}}},"3":{"name":"(anonymous_3)","decl":{"start":{"line":16,"column":4},"end":{"line":16,"column":9}},"loc":{"start":{"line":16,"column":41},"end":{"line":23,"column":5}}},"4":{"name":"(anonymous_4)","decl":{"start":{"line":25,"column":4},"end":{"line":25,"column":9}},"loc":{"start":{"line":25,"column":31},"end":{"line":30,"column":5}}},"5":{"name":"(anonymous_5)","decl":{"start":{"line":26,"column":45},"end":{"line":26,"column":46}},"loc":{"start":{"line":26,"column":50},"end":{"line":26,"column":68}}},"6":{"name":"(anonymous_6)","decl":{"start":{"line":32,"column":4},"end":{"line":32,"column":9}},"loc":{"start":{"line":32,"column":44},"end":{"line":34,"column":5}}},"7":{"name":"(anonymous_7)","decl":{"start":{"line":33,"column":35},"end":{"line":33,"column":41}},"loc":{"start":{"line":33,"column":45},"end":{"line":33,"column":97}}},"8":{"name":"(anonymous_8)","decl":{"start":{"line":33,"column":66},"end":{"line":33,"column":72}},"loc":{"start":{"line":33,"column":76},"end":{"line":33,"column":96}}}},"branchMap":{"0":{"loc":{"start":{"line":8,"column":16},"end":{"line":8,"column":38}},"type":"default-arg","locations":[{"start":{"line":8,"column":36},"end":{"line":8,"column":38}}]},"1":{"loc":{"start":{"line":18,"column":8},"end":{"line":20,"column":9}},"type":"if","locations":[{"start":{"line":18,"column":8},"end":{"line":20,"column":9}},{"start":{},"end":{}}]},"2":{"loc":{"start":{"line":27,"column":8},"end":{"line":29,"column":9}},"type":"if","locations":[{"start":{"line":27,"column":8},"end":{"line":29,"column":9}},{"start":{},"end":{}}]}},"s":{"0":2,"1":6,"2":3,"3":3,"4":3,"5":3,"6":2,"7":3,"8":3,"9":2,"10":3,"11":2,"12":2,"13":1,"14":3,"15":3,"16":2},"f":{"0":6,"1":3,"2":3,"3":3,"4":2,"5":3,"6":1,"7":3,"8":3},"b":{"0":[1],"1":[2,1],"2":[2,0]}}
,"/home/yuyugnat/Documents/GitHub/quality-code-course/src/adapters/driven/inMemoryUserRepo.ts": {"path":"/home/yuyugnat/Documents/GitHub/quality-code-course/src/adapters/driven/inMemoryUserRepo.ts","statementMap":{"0":{"start":{"line":3,"column":0},"end":{"line":3,"column":36}},"1":{"start":{"line":9,"column":8},"end":{"line":9,"column":27}},"2":{"start":{"line":13,"column":8},"end":{"line":13,"column":34}},"3":{"start":{"line":17,"column":8},"end":{"line":17,"column":49}},"4":{"start":{"line":17,"column":36},"end":{"line":17,"column":47}},"5":{"start":{"line":21,"column":30},"end":{"line":21,"column":55}},"6":{"start":{"line":22,"column":8},"end":{"line":22,"column":33}},"7":{"start":{"line":23,"column":8},"end":{"line":23,"column":23}},"8":{"start":{"line":27,"column":22},"end":{"line":27,"column":60}},"9":{"start":{"line":27,"column":48},"end":{"line":27,"column":59}},"10":{"start":{"line":28,"column":8},"end":{"line":30,"column":9}},"11":{"start":{"line":29,"column":12},"end":{"line":29,"column":40}},"12":{"start":{"line":5,"column":0},"end":{"line":5,"column":13}}},"fnMap":{"0":{"name":"(anonymous_0)","decl":{"start":{"line":8,"column":4},"end":{"line":8,"column":16}},"loc":{"start":{"line":8,"column":34},"end":{"line":10,"column":5}}},"1":{"name":"(anonymous_1)","decl":{"start":{"line":12,"column":4},"end":{"line":12,"column":9}},"loc":{"start":{"line":12,"column":17},"end":{"line":14,"column":5}}},"2":{"name":"(anonymous_2)","decl":{"start":{"line":16,"column":4},"end":{"line":16,"column":9}},"loc":{"start":{"line":16,"column":29},"end":{"line":18,"column":5}}},"3":{"name":"(anonymous_3)","decl":{"start":{"line":17,"column":31},"end":{"line":17,"column":32}},"loc":{"start":{"line":17,"column":36},"end":{"line":17,"column":47}}},"4":{"name":"(anonymous_4)","decl":{"start":{"line":20,"column":4},"end":{"line":20,"column":9}},"loc":{"start":{"line":20,"column":37},"end":{"line":24,"column":5}}},"5":{"name":"(anonymous_5)","decl":{"start":{"line":26,"column":4},"end":{"line":26,"column":9}},"loc":{"start":{"line":26,"column":27},"end":{"line":31,"column":5}}},"6":{"name":"(anonymous_6)","decl":{"start":{"line":27,"column":43},"end":{"line":27,"column":44}},"loc":{"start":{"line":27,"column":48},"end":{"line":27,"column":59}}}},"branchMap":{"0":{"loc":{"start":{"line":8,"column":16},"end":{"line":8,"column":34}},"type":"default-arg","locations":[{"start":{"line":8,"column":32},"end":{"line":8,"column":34}}]},"1":{"loc":{"start":{"line":28,"column":8},"end":{"line":30,"column":9}},"type":"if","locations":[{"start":{"line":28,"column":8},"end":{"line":30,"column":9}},{"start":{},"end":{}}]}},"s":{"0":2,"1":8,"2":1,"3":4,"4":6,"5":4,"6":4,"7":4,"8":2,"9":2,"10":2,"11":1,"12":2},"f":{"0":8,"1":1,"2":4,"3":6,"4":4,"5":2,"6":2},"b":{"0":[1],"1":[1,1]}}
,"/home/yuyugnat/Documents/GitHub/quality-code-course/src/adapters/driving/circleController.ts": {"path":"/home/yuyugnat/Documents/GitHub/quality-code-course/src/adapters/driving/circleController.ts","statementMap":{"0":{"start":{"line":8,"column":8},"end":{"line":8,"column":37}},"1":{"start":{"line":12,"column":8},"end":{"line":12,"column":59}},"2":{"start":{"line":13,"column":8},"end":{"line":13,"column":59}},"3":{"start":{"line":14,"column":8},"end":{"line":14,"column":73}},"4":{"start":{"line":18,"column":19},"end":{"line":18,"column":42}},"5":{"start":{"line":19,"column":22},"end":{"line":19,"column":54}},"6":{"start":{"line":20,"column":8},"end":{"line":23,"column":9}},"7":{"start":{"line":21,"column":12},"end":{"line":21,"column":66}},"8":{"start":{"line":22,"column":12},"end":{"line":22,"column":19}},"9":{"start":{"line":24,"column":8},"end":{"line":24,"column":24}},"10":{"start":{"line":28,"column":23},"end":{"line":28,"column":31}},"11":{"start":{"line":29,"column":24},"end":{"line":29,"column":63}},"12":{"start":{"line":30,"column":8},"end":{"line":30,"column":38}},"13":{"start":{"line":34,"column":19},"end":{"line":34,"column":42}},"14":{"start":{"line":35,"column":23},"end":{"line":35,"column":50}},"15":{"start":{"line":36,"column":8},"end":{"line":45,"column":9}},"16":{"start":{"line":37,"column":12},"end":{"line":37,"column":53}},"17":{"start":{"line":38,"column":12},"end":{"line":38,"column":35}},"18":{"start":{"line":40,"column":12},"end":{"line":43,"column":13}},"19":{"start":{"line":41,"column":16},"end":{"line":41,"column":61}},"20":{"start":{"line":42,"column":16},"end":{"line":42,"column":23}},"21":{"start":{"line":44,"column":12},"end":{"line":44,"column":71}},"22":{"start":{"line":4,"column":0},"end":{"line":4,"column":13}}},"fnMap":{"0":{"name":"(anonymous_0)","decl":{"start":{"line":7,"column":4},"end":{"line":7,"column":16}},"loc":{"start":{"line":7,"column":41},"end":{"line":9,"column":5}}},"1":{"name":"(anonymous_1)","decl":{"start":{"line":11,"column":4},"end":{"line":11,"column":18}},"loc":{"start":{"line":11,"column":31},"end":{"line":15,"column":5}}},"2":{"name":"(anonymous_2)","decl":{"start":{"line":17,"column":4},"end":{"line":17,"column":9}},"loc":{"start":{"line":17,"column":63},"end":{"line":25,"column":5}}},"3":{"name":"(anonymous_3)","decl":{"start":{"line":27,"column":4},"end":{"line":27,"column":9}},"loc":{"start":{"line":27,"column":66},"end":{"line":31,"column":5}}},"4":{"name":"(anonymous_4)","decl":{"start":{"line":33,"column":4},"end":{"line":33,"column":9}},"loc":{"start":{"line":33,"column":63},"end":{"line":46,"column":5}}}},"branchMap":{"0":{"loc":{"start":{"line":20,"column":8},"end":{"line":23,"column":9}},"type":"if","locations":[{"start":{"line":20,"column":8},"end":{"line":23,"column":9}},{"start":{},"end":{}}]},"1":{"loc":{"start":{"line":40,"column":12},"end":{"line":43,"column":13}},"type":"if","locations":[{"start":{"line":40,"column":12},"end":{"line":43,"column":13}},{"start":{},"end":{}}]},"2":{"loc":{"start":{"line":40,"column":16},"end":{"line":40,"column":106}},"type":"binary-expr","locations":[{"start":{"line":40,"column":16},"end":{"line":40,"column":34}},{"start":{"line":40,"column":39},"end":{"line":40,"column":71}},{"start":{"line":40,"column":75},"end":{"line":40,"column":105}}]}},"s":{"0":1,"1":1,"2":1,"3":1,"4":0,"5":0,"6":0,"7":0,"8":0,"9":0,"10":2,"11":2,"12":2,"13":1,"14":1,"15":1,"16":1,"17":1,"18":0,"19":0,"20":0,"21":0,"22":1},"f":{"0":1,"1":1,"2":0,"3":2,"4":1},"b":{"0":[0,0],"1":[0,0],"2":[0,0,0]}}
,"/home/yuyugnat/Documents/GitHub/quality-code-course/src/adapters/driving/userController.ts": {"path":"/home/yuyugnat/Documents/GitHub/quality-code-course/src/adapters/driving/userController.ts","statementMap":{"0":{"start":{"line":7,"column":33},"end":{"line":7,"column":54}},"1":{"start":{"line":8,"column":8},"end":{"line":8,"column":35}},"2":{"start":{"line":12,"column":8},"end":{"line":12,"column":55}},"3":{"start":{"line":13,"column":8},"end":{"line":13,"column":55}},"4":{"start":{"line":14,"column":8},"end":{"line":14,"column":55}},"5":{"start":{"line":15,"column":8},"end":{"line":15,"column":61}},"6":{"start":{"line":16,"column":8},"end":{"line":16,"column":66}},"7":{"start":{"line":20,"column":22},"end":{"line":20,"column":52}},"8":{"start":{"line":21,"column":8},"end":{"line":21,"column":24}},"9":{"start":{"line":25,"column":21},"end":{"line":25,"column":29}},"10":{"start":{"line":26,"column":24},"end":{"line":26,"column":59}},"11":{"start":{"line":27,"column":8},"end":{"line":27,"column":38}},"12":{"start":{"line":31,"column":19},"end":{"line":31,"column":42}},"13":{"start":{"line":32,"column":22},"end":{"line":32,"column":52}},"14":{"start":{"line":33,"column":8},"end":{"line":36,"column":9}},"15":{"start":{"line":34,"column":12},"end":{"line":34,"column":64}},"16":{"start":{"line":35,"column":12},"end":{"line":35,"column":19}},"17":{"start":{"line":37,"column":8},"end":{"line":37,"column":24}},"18":{"start":{"line":41,"column":19},"end":{"line":41,"column":42}},"19":{"start":{"line":42,"column":8},"end":{"line":42,"column":42}},"20":{"start":{"line":43,"column":8},"end":{"line":43,"column":31}},"21":{"start":{"line":47,"column":19},"end":{"line":47,"column":42}},"22":{"start":{"line":48,"column":8},"end":{"line":57,"column":9}},"23":{"start":{"line":49,"column":28},"end":{"line":49,"column":61}},"24":{"start":{"line":50,"column":12},"end":{"line":50,"column":30}},"25":{"start":{"line":52,"column":12},"end":{"line":55,"column":13}},"26":{"start":{"line":53,"column":16},"end":{"line":53,"column":61}},"27":{"start":{"line":54,"column":16},"end":{"line":54,"column":23}},"28":{"start":{"line":56,"column":12},"end":{"line":56,"column":71}},"29":{"start":{"line":4,"column":0},"end":{"line":4,"column":13}}},"fnMap":{"0":{"name":"(anonymous_0)","decl":{"start":{"line":7,"column":4},"end":{"line":7,"column":33}},"loc":{"start":{"line":7,"column":54},"end":{"line":9,"column":5}}},"1":{"name":"(anonymous_1)","decl":{"start":{"line":11,"column":4},"end":{"line":11,"column":18}},"loc":{"start":{"line":11,"column":31},"end":{"line":17,"column":5}}},"2":{"name":"(anonymous_2)","decl":{"start":{"line":19,"column":4},"end":{"line":19,"column":9}},"loc":{"start":{"line":19,"column":65},"end":{"line":22,"column":5}}},"3":{"name":"(anonymous_3)","decl":{"start":{"line":24,"column":4},"end":{"line":24,"column":9}},"loc":{"start":{"line":24,"column":64},"end":{"line":28,"column":5}}},"4":{"name":"(anonymous_4)","decl":{"start":{"line":30,"column":4},"end":{"line":30,"column":9}},"loc":{"start":{"line":30,"column":61},"end":{"line":38,"column":5}}},"5":{"name":"(anonymous_5)","decl":{"start":{"line":40,"column":4},"end":{"line":40,"column":9}},"loc":{"start":{"line":40,"column":64},"end":{"line":44,"column":5}}},"6":{"name":"(anonymous_6)","decl":{"start":{"line":46,"column":4},"end":{"line":46,"column":9}},"loc":{"start":{"line":46,"column":64},"end":{"line":58,"column":5}}}},"branchMap":{"0":{"loc":{"start":{"line":33,"column":8},"end":{"line":36,"column":9}},"type":"if","locations":[{"start":{"line":33,"column":8},"end":{"line":36,"column":9}},{"start":{},"end":{}}]},"1":{"loc":{"start":{"line":52,"column":12},"end":{"line":55,"column":13}},"type":"if","locations":[{"start":{"line":52,"column":12},"end":{"line":55,"column":13}},{"start":{},"end":{}}]},"2":{"loc":{"start":{"line":52,"column":16},"end":{"line":52,"column":68}},"type":"binary-expr","locations":[{"start":{"line":52,"column":16},"end":{"line":52,"column":34}},{"start":{"line":52,"column":38},"end":{"line":52,"column":68}}]}},"s":{"0":1,"1":1,"2":1,"3":1,"4":1,"5":1,"6":1,"7":0,"8":0,"9":3,"10":3,"11":3,"12":1,"13":1,"14":1,"15":0,"16":0,"17":1,"18":0,"19":0,"20":0,"21":0,"22":0,"23":0,"24":0,"25":0,"26":0,"27":0,"28":0,"29":1},"f":{"0":1,"1":1,"2":0,"3":3,"4":1,"5":0,"6":0},"b":{"0":[0,1],"1":[0,0],"2":[0,0]}}
,"/home/yuyugnat/Documents/GitHub/quality-code-course/src/services/circleService.ts": {"path":"/home/yuyugnat/Documents/GitHub/quality-code-course/src/services/circleService.ts","statementMap":{"0":{"start":{"line":12,"column":8},"end":{"line":12,"column":25}},"1":{"start":{"line":13,"column":8},"end":{"line":13,"column":33}},"2":{"start":{"line":17,"column":8},"end":{"line":17,"column":38}},"3":{"start":{"line":21,"column":8},"end":{"line":21,"column":38}},"4":{"start":{"line":25,"column":23},"end":{"line":25,"column":57}},"5":{"start":{"line":26,"column":8},"end":{"line":26,"column":57}},"6":{"start":{"line":26,"column":21},"end":{"line":26,"column":57}},"7":{"start":{"line":28,"column":21},"end":{"line":28,"column":57}},"8":{"start":{"line":29,"column":8},"end":{"line":29,"column":53}},"9":{"start":{"line":29,"column":19},"end":{"line":29,"column":53}},"10":{"start":{"line":31,"column":8},"end":{"line":31,"column":49}},"11":{"start":{"line":31,"column":29},"end":{"line":31,"column":49}},"12":{"start":{"line":32,"column":8},"end":{"line":35,"column":9}},"13":{"start":{"line":32,"column":38},"end":{"line":32,"column":54}},"14":{"start":{"line":33,"column":12},"end":{"line":33,"column":38}},"15":{"start":{"line":34,"column":12},"end":{"line":34,"column":43}},"16":{"start":{"line":7,"column":0},"end":{"line":7,"column":13}}},"fnMap":{"0":{"name":"(anonymous_0)","decl":{"start":{"line":11,"column":4},"end":{"line":11,"column":16}},"loc":{"start":{"line":11,"column":72},"end":{"line":14,"column":5}}},"1":{"name":"(anonymous_1)","decl":{"start":{"line":16,"column":4},"end":{"line":16,"column":9}},"loc":{"start":{"line":16,"column":30},"end":{"line":18,"column":5}}},"2":{"name":"(anonymous_2)","decl":{"start":{"line":20,"column":4},"end":{"line":20,"column":9}},"loc":{"start":{"line":20,"column":49},"end":{"line":22,"column":5}}},"3":{"name":"(anonymous_3)","decl":{"start":{"line":24,"column":4},"end":{"line":24,"column":9}},"loc":{"start":{"line":24,"column":52},"end":{"line":36,"column":5}}},"4":{"name":"(anonymous_4)","decl":{"start":{"line":32,"column":33},"end":{"line":32,"column":34}},"loc":{"start":{"line":32,"column":38},"end":{"line":32,"column":54}}}},"branchMap":{"0":{"loc":{"start":{"line":26,"column":8},"end":{"line":26,"column":57}},"type":"if","locations":[{"start":{"line":26,"column":8},"end":{"line":26,"column":57}},{"start":{},"end":{}}]},"1":{"loc":{"start":{"line":29,"column":8},"end":{"line":29,"column":53}},"type":"if","locations":[{"start":{"line":29,"column":8},"end":{"line":29,"column":53}},{"start":{},"end":{}}]},"2":{"loc":{"start":{"line":31,"column":8},"end":{"line":31,"column":49}},"type":"if","locations":[{"start":{"line":31,"column":8},"end":{"line":31,"column":49}},{"start":{},"end":{}}]},"3":{"loc":{"start":{"line":32,"column":8},"end":{"line":35,"column":9}},"type":"if","locations":[{"start":{"line":32,"column":8},"end":{"line":35,"column":9}},{"start":{},"end":{}}]}},"s":{"0":8,"1":8,"2":2,"3":3,"4":5,"5":5,"6":1,"7":4,"8":4,"9":1,"10":3,"11":0,"12":3,"13":1,"14":2,"15":2,"16":2},"f":{"0":8,"1":2,"2":3,"3":5,"4":1},"b":{"0":[1,4],"1":[1,3],"2":[0,3],"3":[2,1]}}
,"/home/yuyugnat/Documents/GitHub/quality-code-course/src/services/userService.ts": {"path":"/home/yuyugnat/Documents/GitHub/quality-code-course/src/services/userService.ts","statementMap":{"0":{"start":{"line":12,"column":8},"end":{"line":12,"column":25}},"1":{"start":{"line":13,"column":8},"end":{"line":13,"column":37}},"2":{"start":{"line":17,"column":8},"end":{"line":17,"column":35}},"3":{"start":{"line":21,"column":8},"end":{"line":21,"column":38}},"4":{"start":{"line":25,"column":8},"end":{"line":25,"column":36}},"5":{"start":{"line":29,"column":8},"end":{"line":29,"column":36}},"6":{"start":{"line":33,"column":21},"end":{"line":33,"column":53}},"7":{"start":{"line":34,"column":8},"end":{"line":34,"column":53}},"8":{"start":{"line":34,"column":19},"end":{"line":34,"column":53}},"9":{"start":{"line":35,"column":8},"end":{"line":35,"column":59}},"10":{"start":{"line":7,"column":0},"end":{"line":7,"column":13}}},"fnMap":{"0":{"name":"(anonymous_0)","decl":{"start":{"line":11,"column":4},"end":{"line":11,"column":16}},"loc":{"start":{"line":11,"column":74},"end":{"line":14,"column":5}}},"1":{"name":"(anonymous_1)","decl":{"start":{"line":16,"column":4},"end":{"line":16,"column":9}},"loc":{"start":{"line":16,"column":19},"end":{"line":18,"column":5}}},"2":{"name":"(anonymous_2)","decl":{"start":{"line":20,"column":4},"end":{"line":20,"column":9}},"loc":{"start":{"line":20,"column":28},"end":{"line":22,"column":5}}},"3":{"name":"(anonymous_3)","decl":{"start":{"line":24,"column":4},"end":{"line":24,"column":9}},"loc":{"start":{"line":24,"column":43},"end":{"line":26,"column":5}}},"4":{"name":"(anonymous_4)","decl":{"start":{"line":28,"column":4},"end":{"line":28,"column":9}},"loc":{"start":{"line":28,"column":31},"end":{"line":30,"column":5}}},"5":{"name":"(anonymous_5)","decl":{"start":{"line":32,"column":4},"end":{"line":32,"column":9}},"loc":{"start":{"line":32,"column":35},"end":{"line":36,"column":5}}}},"branchMap":{"0":{"loc":{"start":{"line":34,"column":8},"end":{"line":34,"column":53}},"type":"if","locations":[{"start":{"line":34,"column":8},"end":{"line":34,"column":53}},{"start":{},"end":{}}]}},"s":{"0":8,"1":8,"2":1,"3":3,"4":4,"5":1,"6":2,"7":2,"8":1,"9":1,"10":2},"f":{"0":8,"1":1,"2":3,"3":4,"4":1,"5":2},"b":{"0":[1,1]}}
}
