TN:
SF:src/app.ts
FNF:0
FNH:0
DA:1,1
DA:2,1
DA:3,1
DA:4,1
DA:5,1
DA:6,1
DA:7,1
DA:9,1
DA:10,1
DA:12,1
DA:13,1
DA:14,1
DA:15,1
DA:16,1
DA:18,1
DA:19,1
DA:20,1
DA:22,1
LF:18
LH:18
BRF:0
BRH:0
end_of_record
TN:
SF:src/adapters/driven/inMemoryCircleRepo.ts
FN:8,(anonymous_0)
FN:12,(anonymous_1)
FN:13,(anonymous_2)
FN:16,(anonymous_3)
FN:25,(anonymous_4)
FN:26,(anonymous_5)
FN:32,(anonymous_6)
FN:33,(anonymous_7)
FN:33,(anonymous_8)
FNF:9
FNH:9
FNDA:6,(anonymous_0)
FNDA:3,(anonymous_1)
FNDA:3,(anonymous_2)
FNDA:3,(anonymous_3)
FNDA:2,(anonymous_4)
FNDA:3,(anonymous_5)
FNDA:1,(anonymous_6)
FNDA:3,(anonymous_7)
FNDA:3,(anonymous_8)
DA:3,2
DA:5,2
DA:9,6
DA:13,3
DA:17,3
DA:18,3
DA:19,2
DA:21,3
DA:22,3
DA:26,3
DA:27,2
DA:28,2
DA:33,3
LF:13
LH:13
BRDA:8,0,0,1
BRDA:18,1,0,2
BRDA:18,1,1,1
BRDA:27,2,0,2
BRDA:27,2,1,0
BRF:5
BRH:4
end_of_record
TN:
SF:src/adapters/driven/inMemoryUserRepo.ts
FN:8,(anonymous_0)
FN:12,(anonymous_1)
FN:16,(anonymous_2)
FN:17,(anonymous_3)
FN:20,(anonymous_4)
FN:26,(anonymous_5)
FN:27,(anonymous_6)
FNF:7
FNH:7
FNDA:8,(anonymous_0)
FNDA:1,(anonymous_1)
FNDA:4,(anonymous_2)
FNDA:6,(anonymous_3)
FNDA:4,(anonymous_4)
FNDA:2,(anonymous_5)
FNDA:2,(anonymous_6)
DA:3,2
DA:5,2
DA:9,8
DA:13,1
DA:17,6
DA:21,4
DA:22,4
DA:23,4
DA:27,2
DA:28,2
DA:29,1
LF:11
LH:11
BRDA:8,0,0,1
BRDA:28,1,0,1
BRDA:28,1,1,1
BRF:3
BRH:3
end_of_record
TN:
SF:src/adapters/driving/circleController.ts
FN:7,(anonymous_0)
FN:11,(anonymous_1)
FN:17,(anonymous_2)
FN:27,(anonymous_3)
FN:33,(anonymous_4)
FNF:5
FNH:4
FNDA:1,(anonymous_0)
FNDA:1,(anonymous_1)
FNDA:0,(anonymous_2)
FNDA:2,(anonymous_3)
FNDA:1,(anonymous_4)
DA:4,1
DA:8,1
DA:12,1
DA:13,1
DA:14,1
DA:18,0
DA:19,0
DA:20,0
DA:21,0
DA:22,0
DA:24,0
DA:28,2
DA:29,2
DA:30,2
DA:34,1
DA:35,1
DA:36,1
DA:37,1
DA:38,1
DA:40,0
DA:41,0
DA:42,0
DA:44,0
LF:23
LH:13
BRDA:20,0,0,0
BRDA:20,0,1,0
BRDA:40,1,0,0
BRDA:40,1,1,0
BRDA:40,2,0,0
BRDA:40,2,1,0
BRDA:40,2,2,0
BRF:7
BRH:0
end_of_record
TN:
SF:src/adapters/driving/userController.ts
FN:7,(anonymous_0)
FN:11,(anonymous_1)
FN:19,(anonymous_2)
FN:24,(anonymous_3)
FN:30,(anonymous_4)
FN:40,(anonymous_5)
FN:46,(anonymous_6)
FNF:7
FNH:4
FNDA:1,(anonymous_0)
FNDA:1,(anonymous_1)
FNDA:0,(anonymous_2)
FNDA:3,(anonymous_3)
FNDA:1,(anonymous_4)
FNDA:0,(anonymous_5)
FNDA:0,(anonymous_6)
DA:4,1
DA:7,1
DA:8,1
DA:12,1
DA:13,1
DA:14,1
DA:15,1
DA:16,1
DA:20,0
DA:21,0
DA:25,3
DA:26,3
DA:27,3
DA:31,1
DA:32,1
DA:33,1
DA:34,0
DA:35,0
DA:37,1
DA:41,0
DA:42,0
DA:43,0
DA:47,0
DA:48,0
DA:49,0
DA:50,0
DA:52,0
DA:53,0
DA:54,0
DA:56,0
LF:30
LH:15
BRDA:33,0,0,0
BRDA:33,0,1,1
BRDA:52,1,0,0
BRDA:52,1,1,0
BRDA:52,2,0,0
BRDA:52,2,1,0
BRF:6
BRH:1
end_of_record
TN:
SF:src/services/circleService.ts
FN:11,(anonymous_0)
FN:16,(anonymous_1)
FN:20,(anonymous_2)
FN:24,(anonymous_3)
FN:32,(anonymous_4)
FNF:5
FNH:5
FNDA:8,(anonymous_0)
FNDA:2,(anonymous_1)
FNDA:3,(anonymous_2)
FNDA:5,(anonymous_3)
FNDA:1,(anonymous_4)
DA:7,2
DA:12,8
DA:13,8
DA:17,2
DA:21,3
DA:25,5
DA:26,5
DA:28,4
DA:29,4
DA:31,3
DA:32,3
DA:33,2
DA:34,2
LF:13
LH:13
BRDA:26,0,0,1
BRDA:26,0,1,4
BRDA:29,1,0,1
BRDA:29,1,1,3
BRDA:31,2,0,0
BRDA:31,2,1,3
BRDA:32,3,0,2
BRDA:32,3,1,1
BRF:8
BRH:7
end_of_record
TN:
SF:src/services/userService.ts
FN:11,(anonymous_0)
FN:16,(anonymous_1)
FN:20,(anonymous_2)
FN:24,(anonymous_3)
FN:28,(anonymous_4)
FN:32,(anonymous_5)
FNF:6
FNH:6
FNDA:8,(anonymous_0)
FNDA:1,(anonymous_1)
FNDA:3,(anonymous_2)
FNDA:4,(anonymous_3)
FNDA:1,(anonymous_4)
FNDA:2,(anonymous_5)
DA:7,2
DA:12,8
DA:13,8
DA:17,1
DA:21,3
DA:25,4
DA:29,1
DA:33,2
DA:34,2
DA:35,1
LF:10
LH:10
BRDA:34,0,0,1
BRDA:34,0,1,1
BRF:2
BRH:2
end_of_record
